#
# There is insufficient memory for the Java Runtime Environment to continue.
# Native memory allocation (mmap) failed to map 134217728 bytes. Error detail: G1 virtual space
# Possible reasons:
#   The system is out of physical RAM or swap space
#   This process is running with CompressedOops enabled, and the Java Heap may be blocking the growth of the native heap
# Possible solutions:
#   Reduce memory load on the system
#   Increase physical memory or swap space
#   Check if swap backing store is full
#   Decrease Java heap size (-Xmx/-Xms)
#   Decrease number of Java threads
#   Decrease Java thread stack sizes (-Xss)
#   Set larger code cache with -XX:ReservedCodeCacheSize=
#   JVM is running with Unscaled Compressed Oops mode in which the Java heap is
#     placed in the first 4GB address space. The Java Heap base address is the
#     maximum limit for the native heap growth. Please use -XX:HeapBaseMinAddress
#     to set the Java Heap base and to place the Java Heap above 4GB virtual address.
# This output file may be truncated or incomplete.
#
#  Out of Memory Error (os_windows.cpp:3828), pid=10372, tid=2968
#
# JRE version:  (21.0.4+13) (build )
# Java VM: OpenJDK 64-Bit Server VM (21.0.4+13-b509.17, mixed mode, sharing, tiered, compressed oops, compressed class ptrs, g1 gc, windows-amd64)
# No core dump will be written. Minidumps are not enabled by default on client versions of Windows
#

---------------  S U M M A R Y ------------

Command Line: -Djava.rmi.server.hostname=127.0.0.1 -Duser.timezone=UTC -Xmx2048m -Xms128m -Djdbc.classpath=C:\Users\FRANS\AppData\Local\Temp\RemoteDriver5285.classpath.txt --add-exports=java.desktop/sun.awt=ALL-UNNAMED --add-exports=java.desktop/java.awt.peer=ALL-UNNAMED --add-opens=java.desktop/java.awt=ALL-UNNAMED --add-opens=jdk.unsupported/sun.misc=ALL-UNNAMED --add-opens=java.base/java.nio=ALL-UNNAMED --add-opens=java.base/java.util=ALL-UNNAMED -Dfile.encoding=UTF-8 -Dsun.stdout.encoding=UTF-8 -Dsun.stderr.encoding=UTF-8 com.intellij.database.remote.RemoteJdbcServer com.mysql.cj.jdbc.Driver

Host: Intel(R) Core(TM) i3-10100F CPU @ 3.60GHz, 8 cores, 7G,  Windows 11 , 64 bit Build 27695 (10.0.27695.1000)
Time: Wed Oct  2 15:15:30 2024 Hora est. Pacífico, Sudamérica elapsed time: 0.013151 seconds (0d 0h 0m 0s)

---------------  T H R E A D  ---------------

Current thread (0x00000080005d1be0):  JavaThread "Unknown thread" [_thread_in_vm, id=2968, stack(0x00000080008a0000,0x00000080009a0000) (1024K)]

Stack: [0x00000080008a0000,0x00000080009a0000]
Native frames: (J=compiled Java code, j=interpreted, Vv=VM code, C=native code)
V  [jvm.dll+0x6e36d9]
V  [jvm.dll+0x8c0bd3]
V  [jvm.dll+0x8c312e]
V  [jvm.dll+0x8c3813]
V  [jvm.dll+0x288256]
V  [jvm.dll+0x6dfe65]
V  [jvm.dll+0x6d433a]
V  [jvm.dll+0x36209b]
V  [jvm.dll+0x369c46]
V  [jvm.dll+0x3bbd76]
V  [jvm.dll+0x3bc048]
V  [jvm.dll+0x33485c]
V  [jvm.dll+0x33554b]
V  [jvm.dll+0x888039]
V  [jvm.dll+0x3c8ea8]
V  [jvm.dll+0x8711d8]
V  [jvm.dll+0x45d85e]
V  [jvm.dll+0x45f541]
C  [jli.dll+0x52ab]
C  [ucrtbase.dll+0x1cd10]
C  [KERNEL32.DLL+0x35767]
C  [ntdll.dll+0x623ec]


---------------  P R O C E S S  ---------------

Threads class SMR info:
_java_thread_list=0x00007ff926572108, length=0, elements={
}

Java Threads: ( => current thread )
Total: 0

Other Threads:
  0x0000008000a70ec0 WorkerThread "GC Thread#0"                     [id=9732, stack(0x00000080124c0000,0x00000080125c0000) (1024K)]
  0x0000008000a81db0 ConcurrentGCThread "G1 Main Marker"            [id=15608, stack(0x00000080125c0000,0x00000080126c0000) (1024K)]
  0x0000008000a83640 WorkerThread "G1 Conc#0"                       [id=8252, stack(0x00000080126c0000,0x00000080127c0000) (1024K)]

[error occurred during error reporting (printing all threads), id 0xc0000005, EXCEPTION_ACCESS_VIOLATION (0xc0000005) at pc=0x00007ff925c67917]
VM state: not at safepoint (not fully initialized)

VM Mutex/Monitor currently owned by a thread:  ([mutex/lock_event])
[0x00007ff9265e6a48] Heap_lock - owner thread: 0x00000080005d1be0

Heap address: 0x0000000080000000, size: 2048 MB, Compressed Oops mode: 32-bit

CDS archive(s) mapped at: [0x0000000000000000-0x0000000000000000-0x0000000000000000), size 0, SharedBaseAddress: 0x0000000800000000, ArchiveRelocationMode: 1.
Narrow klass base: 0x0000000000000000, Narrow klass shift: 0, Narrow klass range: 0x0

GC Precious Log:
 CardTable entry size: 512
 Card Set container configuration: InlinePtr #cards 5 size 8 Array Of Cards #cards 12 size 40 Howl #buckets 4 coarsen threshold 1843 Howl Bitmap #cards 512 size 80 coarsen threshold 460 Card regions per heap region 1 cards per card region 2048

Heap:
 garbage-first heap   total 0K, used 0K [0x0000000080000000, 0x0000000100000000)
  region size 1024K, 0 young (0K), 0 survivors (0K)
 Metaspace       used 0K, committed 0K, reserved 0K
  class space    used 0K, committed 0K, reserved 0K

Heap Regions: E=young(eden), S=young(survivor), O=old, HS=humongous(starts), HC=humongous(continues), CS=collection set, F=free, TAMS=top-at-mark-start, PB=parsable bottom

Card table byte_map: [0x00000080100c0000,0x00000080104c0000] _byte_map_base: 0x000000800fcc0000

Marking Bits: (CMBitMap*) 0x0000008000a714d0
 Bits: [0x00000080104c0000, 0x00000080124c0000)

GC Heap History (0 events):
No events

Dll operation events (1 events):
Event: 0.007 Loaded shared library C:\Program Files\JetBrains\IntelliJ IDEA 2024.2.0.2\jbr\bin\java.dll

Deoptimization events (0 events):
No events

Classes loaded (0 events):
No events

Classes unloaded (0 events):
No events

Classes redefined (0 events):
No events

Internal exceptions (0 events):
No events

ZGC Phase Switch (0 events):
No events

VM Operations (0 events):
No events

Memory protections (0 events):
No events

Nmethod flushes (0 events):
No events

Events (0 events):
No events


Dynamic libraries:
0x00007ff70a580000 - 0x00007ff70a58a000 	C:\Program Files\JetBrains\IntelliJ IDEA 2024.2.0.2\jbr\bin\java.exe
0x00007ff95a040000 - 0x00007ff95a2a1000 	C:\WINDOWS\SYSTEM32\ntdll.dll
0x00007ff958950000 - 0x00007ff958a18000 	C:\WINDOWS\System32\KERNEL32.DLL
0x00007ff9575e0000 - 0x00007ff957989000 	C:\WINDOWS\System32\KERNELBASE.dll
0x00007ff957990000 - 0x00007ff957ade000 	C:\WINDOWS\System32\ucrtbase.dll
0x00007ff941730000 - 0x00007ff941748000 	C:\Program Files\JetBrains\IntelliJ IDEA 2024.2.0.2\jbr\bin\jli.dll
0x00007ff954370000 - 0x00007ff95438b000 	C:\Program Files\JetBrains\IntelliJ IDEA 2024.2.0.2\jbr\bin\VCRUNTIME140.dll
0x00007ff9599b0000 - 0x00007ff959b74000 	C:\WINDOWS\System32\USER32.dll
0x00007ff9574f0000 - 0x00007ff957517000 	C:\WINDOWS\System32\win32u.dll
0x00007ff93b490000 - 0x00007ff93b721000 	C:\WINDOWS\WinSxS\amd64_microsoft.windows.common-controls_6595b64144ccf1df_6.0.27695.1000_none_111eef8ef4318350\COMCTL32.dll
0x00007ff958080000 - 0x00007ff9580b3000 	C:\WINDOWS\System32\GDI32.dll
0x00007ff9597a0000 - 0x00007ff959849000 	C:\WINDOWS\System32\msvcrt.dll
0x00007ff957d90000 - 0x00007ff957eab000 	C:\WINDOWS\System32\gdi32full.dll
0x00007ff9573d0000 - 0x00007ff957473000 	C:\WINDOWS\System32\msvcp_win.dll
0x00007ff9596d0000 - 0x00007ff9596ff000 	C:\WINDOWS\System32\IMM32.DLL
0x00007ff954390000 - 0x00007ff95439c000 	C:\Program Files\JetBrains\IntelliJ IDEA 2024.2.0.2\jbr\bin\vcruntime140_1.dll
0x00007ff936b50000 - 0x00007ff936bdd000 	C:\Program Files\JetBrains\IntelliJ IDEA 2024.2.0.2\jbr\bin\msvcp140.dll
0x00007ff925920000 - 0x00007ff9266d7000 	C:\Program Files\JetBrains\IntelliJ IDEA 2024.2.0.2\jbr\bin\server\jvm.dll
0x00007ff958390000 - 0x00007ff958442000 	C:\WINDOWS\System32\ADVAPI32.dll
0x00007ff959850000 - 0x00007ff9598f7000 	C:\WINDOWS\System32\sechost.dll
0x00007ff957f60000 - 0x00007ff95807a000 	C:\WINDOWS\System32\RPCRT4.dll
0x00007ff959f80000 - 0x00007ff959ff4000 	C:\WINDOWS\System32\WS2_32.dll
0x00007ff9570b0000 - 0x00007ff9570fe000 	C:\WINDOWS\SYSTEM32\POWRPROF.dll
0x00007ff9446d0000 - 0x00007ff944706000 	C:\WINDOWS\SYSTEM32\WINMM.dll
0x00007ff950460000 - 0x00007ff95046b000 	C:\WINDOWS\SYSTEM32\VERSION.dll
0x00007ff956fd0000 - 0x00007ff956fe5000 	C:\WINDOWS\SYSTEM32\UMPDC.dll
0x00007ff956250000 - 0x00007ff95626a000 	C:\WINDOWS\SYSTEM32\kernel.appcore.dll
0x00007ff954330000 - 0x00007ff95433a000 	C:\Program Files\JetBrains\IntelliJ IDEA 2024.2.0.2\jbr\bin\jimage.dll
0x00007ff93f4e0000 - 0x00007ff93f73c000 	C:\WINDOWS\SYSTEM32\DBGHELP.DLL
0x00007ff959c00000 - 0x00007ff959f7d000 	C:\WINDOWS\System32\combase.dll
0x00007ff958b90000 - 0x00007ff958c66000 	C:\WINDOWS\System32\OLEAUT32.dll
0x00007ff93ec00000 - 0x00007ff93ec39000 	C:\WINDOWS\SYSTEM32\dbgcore.DLL
0x00007ff957cf0000 - 0x00007ff957d87000 	C:\WINDOWS\System32\bcryptPrimitives.dll
0x00007ff953f80000 - 0x00007ff953f9f000 	C:\Program Files\JetBrains\IntelliJ IDEA 2024.2.0.2\jbr\bin\java.dll

dbghelp: loaded successfully - version: 4.0.5 - missing functions: none
symbol engine: initialized successfully - sym options: 0x614 - pdb path: .;C:\Program Files\JetBrains\IntelliJ IDEA 2024.2.0.2\jbr\bin;C:\WINDOWS\SYSTEM32;C:\WINDOWS\WinSxS\amd64_microsoft.windows.common-controls_6595b64144ccf1df_6.0.27695.1000_none_111eef8ef4318350;C:\Program Files\JetBrains\IntelliJ IDEA 2024.2.0.2\jbr\bin\server

VM Arguments:
jvm_args: -Djava.rmi.server.hostname=127.0.0.1 -Duser.timezone=UTC -Xmx2048m -Xms128m -Djdbc.classpath=C:\Users\FRANS\AppData\Local\Temp\RemoteDriver5285.classpath.txt --add-exports=java.desktop/sun.awt=ALL-UNNAMED --add-exports=java.desktop/java.awt.peer=ALL-UNNAMED --add-opens=java.desktop/java.awt=ALL-UNNAMED --add-opens=jdk.unsupported/sun.misc=ALL-UNNAMED --add-opens=java.base/java.nio=ALL-UNNAMED --add-opens=java.base/java.util=ALL-UNNAMED -Dfile.encoding=UTF-8 -Dsun.stdout.encoding=UTF-8 -Dsun.stderr.encoding=UTF-8 
java_command: com.intellij.database.remote.RemoteJdbcServer com.mysql.cj.jdbc.Driver
java_class_path (initial): C:\Program Files\JetBrains\IntelliJ IDEA 2024.2.0.2\lib\util_rt.jar;C:\Program Files\JetBrains\IntelliJ IDEA 2024.2.0.2\lib\util-8.jar;C:\Program Files\JetBrains\IntelliJ IDEA 2024.2.0.2\lib\groovy.jar;C:\Program Files\JetBrains\IntelliJ IDEA 2024.2.0.2\plugins\DatabaseTools\lib\jdbc-console.jar;C:\Program Files\JetBrains\IntelliJ IDEA 2024.2.0.2\plugins\grid-core-impl\lib\jdbc-console-types.jar;C:\Program Files\JetBrains\IntelliJ IDEA 2024.2.0.2\lib\util.jar;C:\Program Files\JetBrains\IntelliJ IDEA 2024.2.0.2\lib\bouncy-castle.jar
Launcher Type: SUN_STANDARD

[Global flags]
     intx CICompilerCount                          = 4                                         {product} {ergonomic}
     uint ConcGCThreads                            = 2                                         {product} {ergonomic}
     uint G1ConcRefinementThreads                  = 8                                         {product} {ergonomic}
   size_t G1HeapRegionSize                         = 1048576                                   {product} {ergonomic}
    uintx GCDrainStackTargetSize                   = 64                                        {product} {ergonomic}
   size_t InitialHeapSize                          = 134217728                                 {product} {command line}
   size_t MarkStackSize                            = 4194304                                   {product} {ergonomic}
   size_t MaxHeapSize                              = 2147483648                                {product} {command line}
   size_t MinHeapDeltaBytes                        = 1048576                                   {product} {ergonomic}
   size_t MinHeapSize                              = 134217728                                 {product} {command line}
    uintx NonNMethodCodeHeapSize                   = 5839372                                {pd product} {ergonomic}
    uintx NonProfiledCodeHeapSize                  = 122909434                              {pd product} {ergonomic}
    uintx ProfiledCodeHeapSize                     = 122909434                              {pd product} {ergonomic}
    uintx ReservedCodeCacheSize                    = 251658240                              {pd product} {ergonomic}
     bool SegmentedCodeCache                       = true                                      {product} {ergonomic}
   size_t SoftMaxHeapSize                          = 2147483648                             {manageable} {ergonomic}
     bool UseCompressedOops                        = true                           {product lp64_product} {ergonomic}
     bool UseG1GC                                  = true                                      {product} {ergonomic}
     bool UseLargePagesIndividualAllocation        = false                                  {pd product} {ergonomic}

Logging:
Log output configuration:
 #0: stdout all=warning uptime,level,tags foldmultilines=false
 #1: stderr all=off uptime,level,tags foldmultilines=false

Environment Variables:
JAVA_HOME=C:\Program Files\Java\jdk-17
PATH=C:\Program Files\Common Files\Oracle\Java\javapath;C:\Windows\system32;C:\Windows;C:\Windows\System32\Wbem;C:\Windows\System32\WindowsPowerShell\v1.0\;C:\Windows\System32\OpenSSH\;C:\Program Files (x86)\NVIDIA Corporation\PhysX\Common;C:\Program Files\Java\jdk-17\bin;C:\Program Files\apache-maven-3.8.5\bin;%MAVEN_HOME%\bin;C:\WINDOWS\system32;C:\WINDOWS;C:\WINDOWS\System32\Wbem;C:\WINDOWS\System32\WindowsPowerShell\v1.0\;C:\WINDOWS\System32\OpenSSH\;C:\laragon\bin\php\php-8.1.10-Win32-vs16-x64;C:\composer;C:\Program Files\nodejs\;C:\Program Files\Git\cmd;C:\Program Files\MySQL\MySQL Shell 8.0\bin\;C:\laragon\bin;C:\laragon\bin\apache\httpd-2.4.54-win64-VS16\bin;C:\laragon\bin\composer;C:\laragon\bin\git\bin;C:\laragon\bin\git\cmd;C:\laragon\bin\git\mingw64\bin;C:\laragon\bin\git\usr\bin;C:\laragon\bin\laragon\utils;C:\laragon\bin\mysql\mysql-8.0.30-winx64\bin;C:\laragon\bin\nginx\nginx-1.22.0;C:\laragon\bin\ngrok;C:\laragon\bin\nodejs\node-v18;C:\laragon\bin\notepad++;C:\laragon\bin\php\php-8.3.7-Win32-vs16-x64;C:\laragon\bin\python\python-3.10;C:\laragon\bin\python\python-3.10\Scripts;C:\laragon\bin\redis\redis-x64-5.0.14.1;C:\laragon\bin\telnet;C:\laragon\usr\bin;C:\Users\FRANS\AppData\Local\Yarn\config\global\node_modules\.bin;C:\Users\FRANS\AppData\Roaming\Composer\vendor\bin;C:\Users\FRANS\AppData\Roaming\npm;C:\Program Files\Common Files\Oracle\Java\javapath;C:\Windows\system32;C:\Windows;C:\Windows\System32\Wbem;C:\Users\FRANS\AppData\Local\Programs\Microsoft VS Code\bin;C:\Users\FRANS\AppData\Local\Microsoft\WindowsApps;
USERNAME=FRANS
OS=Windows_NT
PROCESSOR_IDENTIFIER=Intel64 Family 6 Model 165 Stepping 3, GenuineIntel
TMP=C:\Users\FRANS\AppData\Local\Temp
TEMP=C:\Users\FRANS\AppData\Local\Temp




Periodic native trim disabled

JNI global refs:
JNI global refs: 0, weak refs: 0

JNI global refs memory usage: 0, weak refs: 0

Process memory usage:
Resident Set Size: 12772K (0% of 8283760K total physical memory with 544132K free physical memory)

OOME stack traces (most recent first):
Classloader memory used:

---------------  S Y S T E M  ---------------

OS:
 Windows 11 , 64 bit Build 27695 (10.0.27695.1000)
OS uptime: 0 days 3:28 hours
Hyper-V role detected

CPU: total 8 (initial active 8) (4 cores per cpu, 2 threads per core) family 6 model 165 stepping 3 microcode 0xea, cx8, cmov, fxsr, ht, mmx, 3dnowpref, sse, sse2, sse3, ssse3, sse4.1, sse4.2, popcnt, lzcnt, tsc, tscinvbit, avx, avx2, aes, erms, clmul, bmi1, bmi2, adx, fma, vzeroupper, clflush, clflushopt, hv, rdtscp, f16c
Processor Information for all 8 processors :
  Max Mhz: 3600, Current Mhz: 3600, Mhz Limit: 3600

Memory: 4k page, system-wide physical 8089M (531M free)
TotalPageFile size 16238M (AvailPageFile size 82M)
current process WorkingSet (physical memory assigned to process): 12M, peak: 12M
current process commit charge ("private bytes"): 60M, peak: 188M

vm_info: OpenJDK 64-Bit Server VM (21.0.4+13-b509.17) for windows-amd64 JRE (21.0.4+13-b509.17), built on 2024-09-04 by "builduser" with MS VC++ 16.10 / 16.11 (VS2019)

END.
